ompo6.rsc
UpdateLineLayer.rsc
CreateHighwayNetwork.rsc
TransitAccessLinks.rsc
ConvertMatricesToBinary.rsc
ConvertMatricesToCSV.rsc
ConvertBinaryToMtx.rsc
CopyFiles.rsc
RecodeValues.rsc
HighwaySkim.rsc
TransitSkim.rsc
CalculateAutoImportance.rsc
CalculateEJ.rsc
tripgen.rsc
tripdist.rsc
TripDistReport.rsc
modechoice.rsc
ModeChoiceReport.rsc
TODFactor.rsc
CollapseMatrices.rsc
highwayAssign.rsc
TransitAssignment.rsc
CheckConvergence.rsc
OMPOGUI.rsc
tazmanager.rsc
CopyFiles.rsc
NetworkManager.rsc
AppendAssign.rsc
DistrictSummaries.rsc
Redistribute College Trips.rsc
HighwayAssignmentSummary2.rsc
ScreenlineSummary.rsc
SkimSummary.rsc
DTAmaster.rsc
ModifySkimCP.rsc
TollSummaries.rsc
summarizeTransit.rsc
HwyTTDistSum.rsc
V6Summaries.rsc
CMPAnalysis.rsc
gisdk_tools/gplyr/gplyr.rsc
gisdk_tools/ModelUtilities.rsc
gisdk_tools/RoadProjectManagement.rsc
